
15:07:07 03:43:22 Starting authentication script.
15:07:07 03:43:22 POST Request has been made.
15:07:07 03:44:42 Starting authentication script.
15:07:07 03:44:42 POST Request has been made.
15:07:07 03:45:41 Starting authentication script.
15:07:07 03:45:41 POST Request has been made.
15:07:07 03:45:41 Signiture keys match.
15:07:07 03:45:41 select * from ReaderTable where reader_name='' and reader_password=''
15:07:07 03:45:41 
15:07:07 03:45:41 
15:07:07 03:45:41 
15:07:07 03:45:41 
15:07:07 03:45:41 User and password sucessful. Writting success XML.
15:07:07 03:45:41 End authentication.
<?xml version='1.0' standalone='yes'?><authentication><result>Sucess</result><id></id><name></name><email></email></authentication>


15:07:07 06:06:36 Starting authentication script.
15:07:07 06:06:36 POST Request has been made.
15:07:07 06:06:36 Signiture keys match.
15:07:07 06:07:13 Starting authentication script.
15:07:07 06:07:13 POST Request has been made.
15:07:07 06:07:13 Signiture keys match.
15:07:07 06:07:13 select * from ReaderTable where reader_name='karls' and reader_password='testme'
15:07:07 06:07:13 
15:07:07 06:07:13 
15:07:07 06:07:13 
15:07:07 06:07:13 
15:07:07 06:07:13 User and password failed. Writting failure XML.
15:07:07 06:07:13 End authentication.
<?xml version='1.0' standalone='yes'?><authentication><result>Failure</result><id></id><name></name><email></email></authentication>


15:07:07 06:07:33 Starting authentication script.
15:07:07 06:07:33 POST Request has been made.
15:07:07 06:07:33 Signiture keys match.
15:07:07 06:07:41 Starting authentication script.
15:07:07 06:07:41 POST Request has been made.
15:07:07 06:07:41 Signiture keys match.
15:07:07 06:07:41 select * from ReaderTable where reader_name='karls' and reader_password='testme'
15:07:07 06:07:41 
15:07:07 06:07:41 
15:07:07 06:07:41 
15:07:07 06:07:41 
15:07:07 06:07:41 User and password failed. Writting failure XML.
15:07:07 06:07:41 End authentication.
<?xml version='1.0' standalone='yes'?><authentication><result>Failure</result><id></id><name></name><email></email></authentication>


15:07:07 06:22:58 Starting authentication script.
15:07:07 06:22:58 POST Request has been made.
15:07:07 06:22:58 Signiture keys match.
15:07:07 06:22:58 select * from ReaderTable where reader_name='karls' and reader_password='testme'
15:07:07 06:22:58 
15:07:07 06:22:58 
15:07:07 06:22:58 
15:07:07 06:22:58 
15:07:07 06:22:58 User and password failed. Writting failure XML.
15:07:07 06:22:58 End authentication.
<?xml version='1.0' standalone='yes'?><authentication><result>Failure</result><id></id><name></name><email></email></authentication>


15:07:07 06:35:30 Starting authentication script.
15:07:07 06:35:30 POST Request has been made.
15:07:07 06:35:30 Signiture keys match.
15:07:07 06:35:30 select * from ReaderTable where reader_name='karls' and reader_password='testme'
15:07:07 06:35:30 
15:07:07 06:35:30 
15:07:07 06:35:30 
15:07:07 06:35:30 
15:07:07 06:35:30 User and password failed. Writting failure XML.
15:07:07 06:35:30 End authentication.
<?xml version='1.0' standalone='yes'?><authentication><result>Failure</result><id></id><name></name><email></email></authentication>


15:07:07 06:37:27 Starting authentication script.
15:07:07 06:37:27 POST Request has been made.
15:07:07 06:37:27 Signiture keys match.
15:07:07 06:37:27 select * from UserTable where reader_name='karls' and reader_password='testme'
15:07:07 06:37:27 
15:07:07 06:37:27 
15:07:07 06:37:27 
15:07:07 06:37:27 
15:07:07 06:37:27 User and password failed. Writting failure XML.
15:07:07 06:37:27 End authentication.
<?xml version='1.0' standalone='yes'?><authentication><result>Failure</result><name>karls</name></authentication>


15:07:07 06:38:04 Starting authentication script.
15:07:07 06:38:04 POST Request has been made.
15:07:07 06:38:04 Signiture keys match.
15:07:07 06:38:04 select * from UserTable where user_name='karls' and user_password='testme'
15:07:07 06:38:04 1
15:07:07 06:38:04 karls
15:07:07 06:38:04 testme
15:07:07 06:38:04 subrock@gmail.com
15:07:07 06:38:04 User and password sucessful. Writting success XML.
15:07:07 06:38:04 End authentication.
<?xml version='1.0' standalone='yes'?><authentication><result>Sucess</result><id>1</id><name>karls</name><email>subrock@gmail.com</email></authentication>


15:07:07 06:39:04 Starting authentication script.
15:07:07 06:39:04 POST Request has been made.
15:07:07 06:39:04 Signiture keys match.
15:07:07 06:39:04 select * from UserTable where user_name='karls' and user_password='testme'
15:07:07 06:39:04 1
15:07:07 06:39:04 karls
15:07:07 06:39:04 testme
15:07:07 06:39:04 subrock@gmail.com
15:07:07 06:39:04 User and password sucessful. Writting success XML.
15:07:07 06:39:04 End authentication.
<?xml version='1.0' standalone='yes'?><authentication><result>Sucess</result><id>1</id><name>karls</name><number>99</number><email>subrock@gmail.com</email></authentication>

