
15:07:07 03:43:22 Starting authentication script.
15:07:07 03:43:22 POST Request has been made.
15:07:07 03:44:42 Starting authentication script.
15:07:07 03:44:42 POST Request has been made.
15:07:07 03:45:41 Starting authentication script.
15:07:07 03:45:41 POST Request has been made.
15:07:07 03:45:41 Signiture keys match.
15:07:07 03:45:41 select * from ReaderTable where reader_name='' and reader_password=''
15:07:07 03:45:41 
15:07:07 03:45:41 
15:07:07 03:45:41 
15:07:07 03:45:41 
15:07:07 03:45:41 User and password sucessful. Writting success XML.
15:07:07 03:45:41 End authentication.
<?xml version='1.0' standalone='yes'?><authentication><result>Sucess</result><id></id><name></name><email></email></authentication>


15:07:07 06:06:36 Starting authentication script.
15:07:07 06:06:36 POST Request has been made.
15:07:07 06:06:36 Signiture keys match.
15:07:07 06:07:13 Starting authentication script.
15:07:07 06:07:13 POST Request has been made.
15:07:07 06:07:13 Signiture keys match.
15:07:07 06:07:13 select * from ReaderTable where reader_name='karls' and reader_password='testme'
15:07:07 06:07:13 
15:07:07 06:07:13 
15:07:07 06:07:13 
15:07:07 06:07:13 
15:07:07 06:07:13 User and password failed. Writting failure XML.
15:07:07 06:07:13 End authentication.
<?xml version='1.0' standalone='yes'?><authentication><result>Failure</result><id></id><name></name><email></email></authentication>


15:07:07 06:07:33 Starting authentication script.
15:07:07 06:07:33 POST Request has been made.
15:07:07 06:07:33 Signiture keys match.
15:07:07 06:07:41 Starting authentication script.
15:07:07 06:07:41 POST Request has been made.
15:07:07 06:07:41 Signiture keys match.
15:07:07 06:07:41 select * from ReaderTable where reader_name='karls' and reader_password='testme'
15:07:07 06:07:41 
15:07:07 06:07:41 
15:07:07 06:07:41 
15:07:07 06:07:41 
15:07:07 06:07:41 User and password failed. Writting failure XML.
15:07:07 06:07:41 End authentication.
<?xml version='1.0' standalone='yes'?><authentication><result>Failure</result><id></id><name></name><email></email></authentication>


15:07:07 06:22:58 Starting authentication script.
15:07:07 06:22:58 POST Request has been made.
15:07:07 06:22:58 Signiture keys match.
15:07:07 06:22:58 select * from ReaderTable where reader_name='karls' and reader_password='testme'
15:07:07 06:22:58 
15:07:07 06:22:58 
15:07:07 06:22:58 
15:07:07 06:22:58 
15:07:07 06:22:58 User and password failed. Writting failure XML.
15:07:07 06:22:58 End authentication.
<?xml version='1.0' standalone='yes'?><authentication><result>Failure</result><id></id><name></name><email></email></authentication>


15:07:07 06:35:30 Starting authentication script.
15:07:07 06:35:30 POST Request has been made.
15:07:07 06:35:30 Signiture keys match.
15:07:07 06:35:30 select * from ReaderTable where reader_name='karls' and reader_password='testme'
15:07:07 06:35:30 
15:07:07 06:35:30 
15:07:07 06:35:30 
15:07:07 06:35:30 
15:07:07 06:35:30 User and password failed. Writting failure XML.
15:07:07 06:35:30 End authentication.
<?xml version='1.0' standalone='yes'?><authentication><result>Failure</result><id></id><name></name><email></email></authentication>


15:07:07 06:37:27 Starting authentication script.
15:07:07 06:37:27 POST Request has been made.
15:07:07 06:37:27 Signiture keys match.
15:07:07 06:37:27 select * from UserTable where reader_name='karls' and reader_password='testme'
15:07:07 06:37:27 
15:07:07 06:37:27 
15:07:07 06:37:27 
15:07:07 06:37:27 
15:07:07 06:37:27 User and password failed. Writting failure XML.
15:07:07 06:37:27 End authentication.
<?xml version='1.0' standalone='yes'?><authentication><result>Failure</result><name>karls</name></authentication>


15:07:07 06:38:04 Starting authentication script.
15:07:07 06:38:04 POST Request has been made.
15:07:07 06:38:04 Signiture keys match.
15:07:07 06:38:04 select * from UserTable where user_name='karls' and user_password='testme'
15:07:07 06:38:04 1
15:07:07 06:38:04 karls
15:07:07 06:38:04 testme
15:07:07 06:38:04 subrock@gmail.com
15:07:07 06:38:04 User and password sucessful. Writting success XML.
15:07:07 06:38:04 End authentication.
<?xml version='1.0' standalone='yes'?><authentication><result>Sucess</result><id>1</id><name>karls</name><email>subrock@gmail.com</email></authentication>


15:07:07 06:39:04 Starting authentication script.
15:07:07 06:39:04 POST Request has been made.
15:07:07 06:39:04 Signiture keys match.
15:07:07 06:39:04 select * from UserTable where user_name='karls' and user_password='testme'
15:07:07 06:39:04 1
15:07:07 06:39:04 karls
15:07:07 06:39:04 testme
15:07:07 06:39:04 subrock@gmail.com
15:07:07 06:39:04 User and password sucessful. Writting success XML.
15:07:07 06:39:04 End authentication.
<?xml version='1.0' standalone='yes'?><authentication><result>Sucess</result><id>1</id><name>karls</name><number>99</number><email>subrock@gmail.com</email></authentication>


15:07:07 06:49:20 Starting authentication script.
15:07:07 06:49:20 POST Request has been made.
15:07:07 06:49:20 Signiture keys match.
15:07:07 06:49:20 Missing post variables.
15:07:07 06:49:29 Starting authentication script.
15:07:07 06:49:29 POST Request has been made.
15:07:07 06:49:29 Signiture keys match.
15:07:07 06:49:29 select * from UserTable where user_name='karls' and user_password='testme'
15:07:07 06:49:29 1
15:07:07 06:49:29 karls
15:07:07 06:49:29 testme
15:07:07 06:49:29 subrock@gmail.com
15:07:07 06:49:29 User and password sucessful. Writting success XML.
15:07:07 06:49:29 End authentication.
<?xml version='1.0' standalone='yes'?><authentication><result>Sucess</result><id>1</id><name>karls</name><number>99</number><email>subrock@gmail.com</email></authentication>


15:07:07 06:51:26 Starting authentication script.
15:07:07 06:51:26 POST Request has been made.
15:07:07 06:51:26 Signiture keys match.
15:07:07 06:51:26 Missing post variables.
15:07:07 06:51:34 Starting authentication script.
15:07:07 06:51:34 POST Request has been made.
15:07:07 06:51:34 Signiture keys match.
15:07:07 06:51:34 select * from UserTable where user_name='karls' and user_password='testmenow'
15:07:07 06:51:34 
15:07:07 06:51:34 
15:07:07 06:51:34 
15:07:07 06:51:34 
15:07:07 06:51:34 User and password failed. Writting failure XML.
15:07:07 06:51:34 End authentication.
<?xml version='1.0' standalone='yes'?><authentication><result>Failure</result><name>karls</name></authentication>


15:07:07 06:52:38 Starting authentication script.
15:07:07 06:52:38 POST Request has been made.
15:07:07 06:52:38 Signiture keys match.
15:07:07 06:52:38 Missing post variables.
15:07:07 06:53:31 Starting authentication script.
15:07:07 06:53:31 POST Request has been made.
15:07:07 06:53:31 Signiture keys match.
15:07:07 06:53:31 select * from UserTable where user_name='karls' and user_password='testme'
15:07:07 06:53:31 1
15:07:07 06:53:31 karls
15:07:07 06:53:31 testme
15:07:07 06:53:31 subrock@gmail.com
15:07:07 06:53:31 User and password sucessful. Writting success XML.
15:07:07 06:53:31 End authentication.
<?xml version='1.0' standalone='yes'?><authentication><result>Sucess</result><id>1</id><name>karls</name><number>99</number><email>subrock@gmail.com</email></authentication>


15:07:07 07:12:14 Starting authentication script.
15:07:07 07:12:14 POST Request has been made.
15:07:07 07:12:14 Signiture keys match.
15:07:07 07:12:14 select * from UserTable where user_name='karls' and user_password='testmez'
15:07:07 07:12:14 
15:07:07 07:12:14 
15:07:07 07:12:14 
15:07:07 07:12:14 
15:07:07 07:12:14 User and password failed. Writting failure XML.
15:07:07 07:12:14 End authentication.
<?xml version='1.0' standalone='yes'?><authentication><result>Failure</result><name>karls</name></authentication>


15:07:07 07:13:33 Starting authentication script.
15:07:07 07:13:33 POST Request has been made.
15:07:07 07:13:33 Signiture keys match.
15:07:07 07:13:33 select * from UserTable where user_name='karls' and user_password='testmez'
15:07:07 07:13:33 
15:07:07 07:13:33 
15:07:07 07:13:33 
15:07:07 07:13:33 
15:07:07 07:13:33 User and password failed. Writting failure XML.
15:07:07 07:13:33 End authentication.
<?xml version='1.0' standalone='yes'?><authentication><result>Failure</result><name>karls</name><reason>Invalid user or password.</reason></authentication>


15:07:07 07:14:35 Starting authentication script.
15:07:07 07:14:35 POST Request has been made.
15:07:07 07:14:35 Signiture keys match.
15:07:07 07:14:35 select * from UserTable where user_name='karls' and user_password='testmez'
15:07:07 07:14:35 
15:07:07 07:14:35 
15:07:07 07:14:35 
15:07:07 07:14:35 
15:07:07 07:14:35 User and password failed. Writting failure XML.
15:07:07 07:14:35 End authentication.
<?xml version='1.0' standalone='yes'?><authentication><result>Failure</result><name>karls</name><reason>Invalid user or password.</reason></authentication>


15:07:07 07:14:42 Starting authentication script.
15:07:07 07:14:42 POST Request has been made.
15:07:07 07:14:42 Signiture keys match.
15:07:07 07:14:42 select * from UserTable where user_name='karls' and user_password='testme'
15:07:07 07:14:42 1
15:07:07 07:14:42 karls
15:07:07 07:14:42 testme
15:07:07 07:14:42 subrock@gmail.com
15:07:07 07:14:42 User and password sucessful. Writting success XML.
15:07:07 07:14:42 End authentication.
<?xml version='1.0' standalone='yes'?><authentication><result>Sucess</result><id>1</id><name>karls</name><number>99</number><email>subrock@gmail.com</email></authentication>

